<?xml version="1.0" encoding="UTF-8"?>
<testsuite name="problem1.TheaterTest" tests="7" skipped="0" failures="0" errors="0" timestamp="2023-04-14T06:16:10" hostname="ZhengpengQiudeMacBook-Pro.local" time="0.005">
  <properties/>
  <testcase name="testToString()" classname="problem1.TheaterTest" time="0.001"/>
  <testcase name="getName()" classname="problem1.TheaterTest" time="0.0"/>
  <testcase name="getRows()" classname="problem1.TheaterTest" time="0.0"/>
  <testcase name="getNumberOfSeatsPerRow()" classname="problem1.TheaterTest" time="0.001"/>
  <testcase name="testHashCode()" classname="problem1.TheaterTest" time="0.001"/>
  <testcase name="testEquals()" classname="problem1.TheaterTest" time="0.001"/>
  <testcase name="getAccessibleRows()" classname="problem1.TheaterTest" time="0.0"/>
  <system-out><![CDATA[]]></system-out>
  <system-err><![CDATA[]]></system-err>
</testsuite>
