<?xml version="1.0" encoding="UTF-8"?>
<testsuite name="problem1.ReservationsServiceTest" tests="4" skipped="0" failures="0" errors="0" timestamp="2023-04-14T06:16:10" hostname="ZhengpengQiudeMacBook-Pro.local" time="0.016">
  <properties/>
  <testcase name="testToString()" classname="problem1.ReservationsServiceTest" time="0.009"/>
  <testcase name="show()" classname="problem1.ReservationsServiceTest" time="0.001"/>
  <testcase name="reserve()" classname="problem1.ReservationsServiceTest" time="0.002"/>
  <testcase name="sortRows()" classname="problem1.ReservationsServiceTest" time="0.002"/>
  <system-out><![CDATA[]]></system-out>
  <system-err><![CDATA[]]></system-err>
</testsuite>
