<?xml version="1.0" encoding="UTF-8"?>
<testsuite name="problem1.CSVReaderTest" tests="6" skipped="0" failures="0" errors="0" timestamp="2023-04-06T23:29:56" hostname="ZhengpengQiudeMacBook-Pro.local" time="0.036">
  <properties/>
  <testcase name="testToString()" classname="problem1.CSVReaderTest" time="0.024"/>
  <testcase name="testGetData()" classname="problem1.CSVReaderTest" time="0.003"/>
  <testcase name="testGetFilePath()" classname="problem1.CSVReaderTest" time="0.002"/>
  <testcase name="testReadCSV()" classname="problem1.CSVReaderTest" time="0.003"/>
  <testcase name="testHashCode()" classname="problem1.CSVReaderTest" time="0.001"/>
  <testcase name="testEquals()" classname="problem1.CSVReaderTest" time="0.001"/>
  <system-out><![CDATA[]]></system-out>
  <system-err><![CDATA[]]></system-err>
</testsuite>
