<?xml version="1.0" encoding="UTF-8"?>
<testsuite name="problem1.LetterGeneratorTest" tests="7" skipped="0" failures="0" errors="0" timestamp="2023-04-06T23:29:56" hostname="ZhengpengQiudeMacBook-Pro.local" time="0.013">
  <properties/>
  <testcase name="testGetPRFIX()" classname="problem1.LetterGeneratorTest" time="0.001"/>
  <testcase name="testWriteLetters()" classname="problem1.LetterGeneratorTest" time="0.002"/>
  <testcase name="testGetTemplate()" classname="problem1.LetterGeneratorTest" time="0.001"/>
  <testcase name="testGetFileName()" classname="problem1.LetterGeneratorTest" time="0.002"/>
  <testcase name="testHashCode()" classname="problem1.LetterGeneratorTest" time="0.002"/>
  <testcase name="testEquals()" classname="problem1.LetterGeneratorTest" time="0.002"/>
  <testcase name="testGetPointers()" classname="problem1.LetterGeneratorTest" time="0.001"/>
  <system-out><![CDATA[]]></system-out>
  <system-err><![CDATA[]]></system-err>
</testsuite>
